Hmm ... looks like a package

This is pdfTeX, Version 3.14159265-2.6-1.40.16 (TeX Live 2015) (preloaded format=pdflatex)
 restricted \write18 enabled.
entering extended mode
LaTeX2e <2015/01/01> patch level 2
Babel <3.9l> and hyphenation patterns for 79 languages loaded.
(./Rd2.tex
(/usr/local/texlive/2015/texmf-dist/tex/latex/base/book.cls
Document Class: book 2014/09/29 v1.4h Standard LaTeX document class
(/usr/local/texlive/2015/texmf-dist/tex/latex/base/bk10.clo))
(/Library/Frameworks/R.framework/Resources/share/texmf/tex/latex/Rd.sty
(/usr/local/texlive/2015/texmf-dist/tex/latex/base/ifthen.sty)
(/usr/local/texlive/2015/texmf-dist/tex/latex/tools/longtable.sty)
(/usr/local/texlive/2015/texmf-dist/tex/latex/tools/bm.sty)
(/usr/local/texlive/2015/texmf-dist/tex/latex/base/alltt.sty)
(/usr/local/texlive/2015/texmf-dist/tex/latex/tools/verbatim.sty)
(/usr/local/texlive/2015/texmf-dist/tex/latex/url/url.sty)
(/usr/local/texlive/2015/texmf-dist/tex/latex/base/textcomp.sty
(/usr/local/texlive/2015/texmf-dist/tex/latex/base/ts1enc.def))
(/usr/local/texlive/2015/texmf-dist/tex/latex/base/fontenc.sty
(/usr/local/texlive/2015/texmf-dist/tex/latex/base/t1enc.def))
(/usr/local/texlive/2015/texmf-dist/tex/latex/psnfss/times.sty)
(/usr/local/texlive/2015/texmf-dist/tex/latex/inconsolata/zi4.sty
`inconsolata-zi4' v1.05, 2014/06/22 Text macros for Inconsolata (msharpe)
(/usr/local/texlive/2015/texmf-dist/tex/latex/graphics/keyval.sty))
(/usr/local/texlive/2015/texmf-dist/tex/latex/graphics/color.sty
(/usr/local/texlive/2015/texmf-dist/tex/latex/latexconfig/color.cfg)
(/usr/local/texlive/2015/texmf-dist/tex/latex/pdftex-def/pdftex.def
(/usr/local/texlive/2015/texmf-dist/tex/generic/oberdiek/infwarerr.sty)
(/usr/local/texlive/2015/texmf-dist/tex/generic/oberdiek/ltxcmds.sty)))
(/usr/local/texlive/2015/texmf-dist/tex/latex/hyperref/hyperref.sty
(/usr/local/texlive/2015/texmf-dist/tex/generic/oberdiek/hobsub-hyperref.sty
(/usr/local/texlive/2015/texmf-dist/tex/generic/oberdiek/hobsub-generic.sty))
(/usr/local/texlive/2015/texmf-dist/tex/generic/ifxetex/ifxetex.sty)
(/usr/local/texlive/2015/texmf-dist/tex/latex/oberdiek/auxhook.sty)
(/usr/local/texlive/2015/texmf-dist/tex/latex/oberdiek/kvoptions.sty)
(/usr/local/texlive/2015/texmf-dist/tex/latex/hyperref/pd1enc.def)
(/usr/local/texlive/2015/texmf-dist/tex/latex/latexconfig/hyperref.cfg))

Package hyperref Message: Driver (autodetected): hpdftex.

(/usr/local/texlive/2015/texmf-dist/tex/latex/hyperref/hpdftex.def
(/usr/local/texlive/2015/texmf-dist/tex/latex/oberdiek/rerunfilecheck.sty))

Package hyperref Warning: Option `hyperindex' has already been used,
(hyperref)                setting the option has no effect on input line 366.


Package hyperref Warning: Option `pagebackref' has already been used,
(hyperref)                setting the option has no effect on input line 366.

) (/usr/local/texlive/2015/texmf-dist/tex/latex/base/makeidx.sty)
(/usr/local/texlive/2015/texmf-dist/tex/latex/base/inputenc.sty
(/usr/local/texlive/2015/texmf-dist/tex/latex/base/utf8.def
(/usr/local/texlive/2015/texmf-dist/tex/latex/base/t1enc.dfu)
(/usr/local/texlive/2015/texmf-dist/tex/latex/base/ot1enc.dfu)
(/usr/local/texlive/2015/texmf-dist/tex/latex/base/omsenc.dfu)
(/usr/local/texlive/2015/texmf-dist/tex/latex/base/ts1enc.dfu)))
Writing index file Rd2.idx
No file Rd2.aux.
(/usr/local/texlive/2015/texmf-dist/tex/latex/base/ts1cmr.fd)
(/usr/local/texlive/2015/texmf-dist/tex/latex/psnfss/t1ptm.fd)
(/usr/local/texlive/2015/texmf-dist/tex/context/base/supp-pdf.mkii
[Loading MPS to PDF converter (version 2006.09.02).]
) (/usr/local/texlive/2015/texmf-dist/tex/latex/hyperref/nameref.sty
(/usr/local/texlive/2015/texmf-dist/tex/generic/oberdiek/gettitlestring.sty))
(/usr/local/texlive/2015/texmf-dist/tex/latex/base/utf8.def)
(/usr/local/texlive/2015/texmf-dist/tex/latex/psnfss/ts1ptm.fd)
(/usr/local/texlive/2015/texmf-dist/tex/latex/inconsolata/t1zi4.fd)
(/usr/local/texlive/2015/texmf-dist/tex/latex/psnfss/t1phv.fd)
(/usr/local/texlive/2015/texmf-dist/tex/latex/base/utf8.def)
(/usr/local/texlive/2015/texmf-dist/tex/latex/base/utf8.def) [1{/usr/local/texl
ive/2015/texmf-var/fonts/map/pdftex/updmap/pdftex.map}] [2]
Overfull \hbox (4.38098pt too wide) in paragraph at lines 105--105
 []\T1/zi4/m/n/9 # How many degrees does the temperature increase with an incre
ase in 4 kPa given 0.8 Celcius[] 

Overfull \hbox (17.88098pt too wide) in paragraph at lines 110--110
 []\T1/zi4/m/n/9 conv_dim(x = c(60, 80), x_unit = "ft3", trans_unit = "kg_per_l
", y = c(6e6, 4e6), y_unit = "g")[] 
(/usr/local/texlive/2015/texmf-dist/tex/latex/base/utf8.def)
Overfull \hbox (25.09752pt too wide) in paragraph at lines 140--141
[]\T1/ptm/m/n/10 mm_per_sec2, cm_per_sec2, m_per_sec2, km_per_sec2, grav, inch_
per_sec2, ft_per_sec2,

Overfull \hbox (13.51762pt too wide) in paragraph at lines 146--147
[]\T1/ptm/m/n/10 ml_per_sec, ml_per_min, ml_per_hr, l_per_sec, l_per_min, l_per
_hr, m3_per_sec, m3_per_min,

Overfull \hbox (0.3887pt too wide) in paragraph at lines 149--150
[]\T1/ptm/m/n/10 uW, mW, W, kW, MW, GW, erg_per_sec, cal_per_sec, cal_per_hr, C
al_per_sec, Cal_per_hr,
[3] (/usr/local/texlive/2015/texmf-dist/tex/latex/base/utf8.def) [4]
(/usr/local/texlive/2015/texmf-dist/tex/latex/base/utf8.def) [5]
(/usr/local/texlive/2015/texmf-dist/tex/latex/base/utf8.def) [6]
(/usr/local/texlive/2015/texmf-dist/tex/latex/base/utf8.def)
(/usr/local/texlive/2015/texmf-dist/tex/latex/base/utf8.def) [7]
Overfull \hbox (10.68097pt too wide) in paragraph at lines 404--404
 []\T1/zi4/m/n/9 summ_stat(mean = rnorm(1e4), n = rep(1, 1e4)) # Find pooled me
an when variability is unknown.[] 
(/usr/local/texlive/2015/texmf-dist/tex/latex/base/utf8.def) [8]
No file Rd2.ind.
[9] (./Rd2.aux)

Package rerunfilecheck Warning: File `Rd2.out' has changed.
(rerunfilecheck)                Rerun to get outlines right
(rerunfilecheck)                or use package `bookmark'.

 )
(see the transcript file for additional information)pdfTeX warning (dest): name
{Rfn.which.max} has been referenced but does not exist, replaced by a fixed one


pdfTeX warning (dest): name{Rfn.which.min} has been referenced but does not exi
st, replaced by a fixed one

pdfTeX warning (dest): name{Rfn.weighted.mean} has been referenced but does not
 exist, replaced by a fixed one

pdfTeX warning (dest): name{Rfn.var} has been referenced but does not exist, re
placed by a fixed one

pdfTeX warning (dest): name{Rfn.sd} has been referenced but does not exist, rep
laced by a fixed one

pdfTeX warning (dest): name{Rfn.extendrange} has been referenced but does not e
xist, replaced by a fixed one

pdfTeX warning (dest): name{Rfn.seq} has been referenced but does not exist, re
placed by a fixed one

pdfTeX warning (dest): name{Rfn.mean} has been referenced but does not exist, r
eplaced by a fixed one

{/usr/local/texlive/2015/texmf-dist/fonts/enc/dvips/base/8r.enc}{/usr/local/tex
live/2015/texmf-dist/fonts/enc/dvips/inconsolata/i4-t1-0.enc}</usr/local/texliv
e/2015/texmf-dist/fonts/type1/public/inconsolata/Inconsolata-zi4r.pfb></usr/loc
al/texlive/2015/texmf-dist/fonts/type1/urw/helvetic/uhvr8a.pfb></usr/local/texl
ive/2015/texmf-dist/fonts/type1/urw/times/utmb8a.pfb></usr/local/texlive/2015/t
exmf-dist/fonts/type1/urw/times/utmr8a.pfb></usr/local/texlive/2015/texmf-dist/
fonts/type1/urw/times/utmr8a.pfb></usr/local/texlive/2015/texmf-dist/fonts/type
1/urw/times/utmri8a.pfb>
Output written on Rd2.pdf (9 pages, 85836 bytes).
Transcript written on Rd2.log.
This is makeindex, version 2.15 [TeX Live 2015] (kpathsea + Thai support).
Scanning input file Rd2.idx....done (31 entries accepted, 0 rejected).
Sorting entries....done (164 comparisons).
Generating output file Rd2.ind....done (55 lines written, 0 warnings).
Output written in Rd2.ind.
Transcript written in Rd2.ilg.
This is pdfTeX, Version 3.14159265-2.6-1.40.16 (TeX Live 2015) (preloaded format=pdflatex)
 restricted \write18 enabled.
entering extended mode
LaTeX2e <2015/01/01> patch level 2
Babel <3.9l> and hyphenation patterns for 79 languages loaded.
(./Rd2.tex
(/usr/local/texlive/2015/texmf-dist/tex/latex/base/book.cls
Document Class: book 2014/09/29 v1.4h Standard LaTeX document class
(/usr/local/texlive/2015/texmf-dist/tex/latex/base/bk10.clo))
(/Library/Frameworks/R.framework/Resources/share/texmf/tex/latex/Rd.sty
(/usr/local/texlive/2015/texmf-dist/tex/latex/base/ifthen.sty)
(/usr/local/texlive/2015/texmf-dist/tex/latex/tools/longtable.sty)
(/usr/local/texlive/2015/texmf-dist/tex/latex/tools/bm.sty)
(/usr/local/texlive/2015/texmf-dist/tex/latex/base/alltt.sty)
(/usr/local/texlive/2015/texmf-dist/tex/latex/tools/verbatim.sty)
(/usr/local/texlive/2015/texmf-dist/tex/latex/url/url.sty)
(/usr/local/texlive/2015/texmf-dist/tex/latex/base/textcomp.sty
(/usr/local/texlive/2015/texmf-dist/tex/latex/base/ts1enc.def))
(/usr/local/texlive/2015/texmf-dist/tex/latex/base/fontenc.sty
(/usr/local/texlive/2015/texmf-dist/tex/latex/base/t1enc.def))
(/usr/local/texlive/2015/texmf-dist/tex/latex/psnfss/times.sty)
(/usr/local/texlive/2015/texmf-dist/tex/latex/inconsolata/zi4.sty
`inconsolata-zi4' v1.05, 2014/06/22 Text macros for Inconsolata (msharpe)
(/usr/local/texlive/2015/texmf-dist/tex/latex/graphics/keyval.sty))
(/usr/local/texlive/2015/texmf-dist/tex/latex/graphics/color.sty
(/usr/local/texlive/2015/texmf-dist/tex/latex/latexconfig/color.cfg)
(/usr/local/texlive/2015/texmf-dist/tex/latex/pdftex-def/pdftex.def
(/usr/local/texlive/2015/texmf-dist/tex/generic/oberdiek/infwarerr.sty)
(/usr/local/texlive/2015/texmf-dist/tex/generic/oberdiek/ltxcmds.sty)))
(/usr/local/texlive/2015/texmf-dist/tex/latex/hyperref/hyperref.sty
(/usr/local/texlive/2015/texmf-dist/tex/generic/oberdiek/hobsub-hyperref.sty
(/usr/local/texlive/2015/texmf-dist/tex/generic/oberdiek/hobsub-generic.sty))
(/usr/local/texlive/2015/texmf-dist/tex/generic/ifxetex/ifxetex.sty)
(/usr/local/texlive/2015/texmf-dist/tex/latex/oberdiek/auxhook.sty)
(/usr/local/texlive/2015/texmf-dist/tex/latex/oberdiek/kvoptions.sty)
(/usr/local/texlive/2015/texmf-dist/tex/latex/hyperref/pd1enc.def)
(/usr/local/texlive/2015/texmf-dist/tex/latex/latexconfig/hyperref.cfg))

Package hyperref Message: Driver (autodetected): hpdftex.

(/usr/local/texlive/2015/texmf-dist/tex/latex/hyperref/hpdftex.def
(/usr/local/texlive/2015/texmf-dist/tex/latex/oberdiek/rerunfilecheck.sty))

Package hyperref Warning: Option `hyperindex' has already been used,
(hyperref)                setting the option has no effect on input line 366.


Package hyperref Warning: Option `pagebackref' has already been used,
(hyperref)                setting the option has no effect on input line 366.

) (/usr/local/texlive/2015/texmf-dist/tex/latex/base/makeidx.sty)
(/usr/local/texlive/2015/texmf-dist/tex/latex/base/inputenc.sty
(/usr/local/texlive/2015/texmf-dist/tex/latex/base/utf8.def
(/usr/local/texlive/2015/texmf-dist/tex/latex/base/t1enc.dfu)
(/usr/local/texlive/2015/texmf-dist/tex/latex/base/ot1enc.dfu)
(/usr/local/texlive/2015/texmf-dist/tex/latex/base/omsenc.dfu)
(/usr/local/texlive/2015/texmf-dist/tex/latex/base/ts1enc.dfu)))
Writing index file Rd2.idx
(./Rd2.aux) (/usr/local/texlive/2015/texmf-dist/tex/latex/base/ts1cmr.fd)
(/usr/local/texlive/2015/texmf-dist/tex/latex/psnfss/t1ptm.fd)
(/usr/local/texlive/2015/texmf-dist/tex/context/base/supp-pdf.mkii
[Loading MPS to PDF converter (version 2006.09.02).]
) (/usr/local/texlive/2015/texmf-dist/tex/latex/hyperref/nameref.sty
(/usr/local/texlive/2015/texmf-dist/tex/generic/oberdiek/gettitlestring.sty))
(./Rd2.out) (./Rd2.out)
(/usr/local/texlive/2015/texmf-dist/tex/latex/base/utf8.def)
(/usr/local/texlive/2015/texmf-dist/tex/latex/psnfss/ts1ptm.fd)
(/usr/local/texlive/2015/texmf-dist/tex/latex/inconsolata/t1zi4.fd)
(/usr/local/texlive/2015/texmf-dist/tex/latex/psnfss/t1phv.fd) (./Rd2.toc)
(/usr/local/texlive/2015/texmf-dist/tex/latex/base/utf8.def) [1{/usr/local/texl
ive/2015/texmf-var/fonts/map/pdftex/updmap/pdftex.map}]
(/usr/local/texlive/2015/texmf-dist/tex/latex/base/utf8.def) [2]
Overfull \hbox (4.38098pt too wide) in paragraph at lines 105--105
 []\T1/zi4/m/n/9 # How many degrees does the temperature increase with an incre
ase in 4 kPa given 0.8 Celcius[] 

Overfull \hbox (17.88098pt too wide) in paragraph at lines 110--110
 []\T1/zi4/m/n/9 conv_dim(x = c(60, 80), x_unit = "ft3", trans_unit = "kg_per_l
", y = c(6e6, 4e6), y_unit = "g")[] 
(/usr/local/texlive/2015/texmf-dist/tex/latex/base/utf8.def)
Overfull \hbox (25.09752pt too wide) in paragraph at lines 140--141
[]\T1/ptm/m/n/10 mm_per_sec2, cm_per_sec2, m_per_sec2, km_per_sec2, grav, inch_
per_sec2, ft_per_sec2,
[3]
Overfull \hbox (13.51762pt too wide) in paragraph at lines 146--147
[]\T1/ptm/m/n/10 ml_per_sec, ml_per_min, ml_per_hr, l_per_sec, l_per_min, l_per
_hr, m3_per_sec, m3_per_min,

Overfull \hbox (0.3887pt too wide) in paragraph at lines 149--150
[]\T1/ptm/m/n/10 uW, mW, W, kW, MW, GW, erg_per_sec, cal_per_sec, cal_per_hr, C
al_per_sec, Cal_per_hr,
[4] (/usr/local/texlive/2015/texmf-dist/tex/latex/base/utf8.def) [5]
(/usr/local/texlive/2015/texmf-dist/tex/latex/base/utf8.def)
(/usr/local/texlive/2015/texmf-dist/tex/latex/base/utf8.def) [6]
(/usr/local/texlive/2015/texmf-dist/tex/latex/base/utf8.def) [7]
(/usr/local/texlive/2015/texmf-dist/tex/latex/base/utf8.def)
Overfull \hbox (10.68097pt too wide) in paragraph at lines 404--404
 []\T1/zi4/m/n/9 summ_stat(mean = rnorm(1e4), n = rep(1, 1e4)) # Find pooled me
an when variability is unknown.[] 
(/usr/local/texlive/2015/texmf-dist/tex/latex/base/utf8.def) [8] (./Rd2.ind
[9]

LaTeX Font Warning: Font shape `T1/zi4/m/it' undefined
(Font)              using `T1/zi4/m/n' instead on input line 9.

[10]) (./Rd2.aux)

Package rerunfilecheck Warning: File `Rd2.out' has changed.
(rerunfilecheck)                Rerun to get outlines right
(rerunfilecheck)                or use package `bookmark'.


LaTeX Font Warning: Some font shapes were not available, defaults substituted.

 )
(see the transcript file for additional information)pdfTeX warning (dest): name
{Rfn.which.max} has been referenced but does not exist, replaced by a fixed one


pdfTeX warning (dest): name{Rfn.which.min} has been referenced but does not exi
st, replaced by a fixed one

pdfTeX warning (dest): name{Rfn.weighted.mean} has been referenced but does not
 exist, replaced by a fixed one

pdfTeX warning (dest): name{Rfn.var} has been referenced but does not exist, re
placed by a fixed one

pdfTeX warning (dest): name{Rfn.sd} has been referenced but does not exist, rep
laced by a fixed one

pdfTeX warning (dest): name{Rfn.extendrange} has been referenced but does not e
xist, replaced by a fixed one

pdfTeX warning (dest): name{Rfn.seq} has been referenced but does not exist, re
placed by a fixed one

pdfTeX warning (dest): name{Rfn.mean} has been referenced but does not exist, r
eplaced by a fixed one

{/usr/local/texlive/2015/texmf-dist/fonts/enc/dvips/base/8r.enc}{/usr/local/tex
live/2015/texmf-dist/fonts/enc/dvips/inconsolata/i4-t1-0.enc}</usr/local/texliv
e/2015/texmf-dist/fonts/type1/public/inconsolata/Inconsolata-zi4r.pfb></usr/loc
al/texlive/2015/texmf-dist/fonts/type1/public/amsfonts/cm/cmsy10.pfb></usr/loca
l/texlive/2015/texmf-dist/fonts/type1/urw/helvetic/uhvr8a.pfb></usr/local/texli
ve/2015/texmf-dist/fonts/type1/urw/times/utmb8a.pfb></usr/local/texlive/2015/te
xmf-dist/fonts/type1/urw/times/utmr8a.pfb></usr/local/texlive/2015/texmf-dist/f
onts/type1/urw/times/utmr8a.pfb></usr/local/texlive/2015/texmf-dist/fonts/type1
/urw/times/utmri8a.pfb>
Output written on Rd2.pdf (10 pages, 97256 bytes).
Transcript written on Rd2.log.
This is makeindex, version 2.15 [TeX Live 2015] (kpathsea + Thai support).
Scanning input file Rd2.idx....done (31 entries accepted, 0 rejected).
Sorting entries....done (167 comparisons).
Generating output file Rd2.ind....done (55 lines written, 1 warning).
Output written in Rd2.ind.
Transcript written in Rd2.ilg.
This is pdfTeX, Version 3.14159265-2.6-1.40.16 (TeX Live 2015) (preloaded format=pdflatex)
 restricted \write18 enabled.
entering extended mode
LaTeX2e <2015/01/01> patch level 2
Babel <3.9l> and hyphenation patterns for 79 languages loaded.
(./Rd2.tex
(/usr/local/texlive/2015/texmf-dist/tex/latex/base/book.cls
Document Class: book 2014/09/29 v1.4h Standard LaTeX document class
(/usr/local/texlive/2015/texmf-dist/tex/latex/base/bk10.clo))
(/Library/Frameworks/R.framework/Resources/share/texmf/tex/latex/Rd.sty
(/usr/local/texlive/2015/texmf-dist/tex/latex/base/ifthen.sty)
(/usr/local/texlive/2015/texmf-dist/tex/latex/tools/longtable.sty)
(/usr/local/texlive/2015/texmf-dist/tex/latex/tools/bm.sty)
(/usr/local/texlive/2015/texmf-dist/tex/latex/base/alltt.sty)
(/usr/local/texlive/2015/texmf-dist/tex/latex/tools/verbatim.sty)
(/usr/local/texlive/2015/texmf-dist/tex/latex/url/url.sty)
(/usr/local/texlive/2015/texmf-dist/tex/latex/base/textcomp.sty
(/usr/local/texlive/2015/texmf-dist/tex/latex/base/ts1enc.def))
(/usr/local/texlive/2015/texmf-dist/tex/latex/base/fontenc.sty
(/usr/local/texlive/2015/texmf-dist/tex/latex/base/t1enc.def))
(/usr/local/texlive/2015/texmf-dist/tex/latex/psnfss/times.sty)
(/usr/local/texlive/2015/texmf-dist/tex/latex/inconsolata/zi4.sty
`inconsolata-zi4' v1.05, 2014/06/22 Text macros for Inconsolata (msharpe)
(/usr/local/texlive/2015/texmf-dist/tex/latex/graphics/keyval.sty))
(/usr/local/texlive/2015/texmf-dist/tex/latex/graphics/color.sty
(/usr/local/texlive/2015/texmf-dist/tex/latex/latexconfig/color.cfg)
(/usr/local/texlive/2015/texmf-dist/tex/latex/pdftex-def/pdftex.def
(/usr/local/texlive/2015/texmf-dist/tex/generic/oberdiek/infwarerr.sty)
(/usr/local/texlive/2015/texmf-dist/tex/generic/oberdiek/ltxcmds.sty)))
(/usr/local/texlive/2015/texmf-dist/tex/latex/hyperref/hyperref.sty
(/usr/local/texlive/2015/texmf-dist/tex/generic/oberdiek/hobsub-hyperref.sty
(/usr/local/texlive/2015/texmf-dist/tex/generic/oberdiek/hobsub-generic.sty))
(/usr/local/texlive/2015/texmf-dist/tex/generic/ifxetex/ifxetex.sty)
(/usr/local/texlive/2015/texmf-dist/tex/latex/oberdiek/auxhook.sty)
(/usr/local/texlive/2015/texmf-dist/tex/latex/oberdiek/kvoptions.sty)
(/usr/local/texlive/2015/texmf-dist/tex/latex/hyperref/pd1enc.def)
(/usr/local/texlive/2015/texmf-dist/tex/latex/latexconfig/hyperref.cfg))

Package hyperref Message: Driver (autodetected): hpdftex.

(/usr/local/texlive/2015/texmf-dist/tex/latex/hyperref/hpdftex.def
(/usr/local/texlive/2015/texmf-dist/tex/latex/oberdiek/rerunfilecheck.sty))

Package hyperref Warning: Option `hyperindex' has already been used,
(hyperref)                setting the option has no effect on input line 366.


Package hyperref Warning: Option `pagebackref' has already been used,
(hyperref)                setting the option has no effect on input line 366.

) (/usr/local/texlive/2015/texmf-dist/tex/latex/base/makeidx.sty)
(/usr/local/texlive/2015/texmf-dist/tex/latex/base/inputenc.sty
(/usr/local/texlive/2015/texmf-dist/tex/latex/base/utf8.def
(/usr/local/texlive/2015/texmf-dist/tex/latex/base/t1enc.dfu)
(/usr/local/texlive/2015/texmf-dist/tex/latex/base/ot1enc.dfu)
(/usr/local/texlive/2015/texmf-dist/tex/latex/base/omsenc.dfu)
(/usr/local/texlive/2015/texmf-dist/tex/latex/base/ts1enc.dfu)))
Writing index file Rd2.idx
(./Rd2.aux) (/usr/local/texlive/2015/texmf-dist/tex/latex/base/ts1cmr.fd)
(/usr/local/texlive/2015/texmf-dist/tex/latex/psnfss/t1ptm.fd)
(/usr/local/texlive/2015/texmf-dist/tex/context/base/supp-pdf.mkii
[Loading MPS to PDF converter (version 2006.09.02).]
) (/usr/local/texlive/2015/texmf-dist/tex/latex/hyperref/nameref.sty
(/usr/local/texlive/2015/texmf-dist/tex/generic/oberdiek/gettitlestring.sty))
(./Rd2.out) (./Rd2.out)
(/usr/local/texlive/2015/texmf-dist/tex/latex/base/utf8.def)
(/usr/local/texlive/2015/texmf-dist/tex/latex/psnfss/ts1ptm.fd)
(/usr/local/texlive/2015/texmf-dist/tex/latex/inconsolata/t1zi4.fd)
(/usr/local/texlive/2015/texmf-dist/tex/latex/psnfss/t1phv.fd) (./Rd2.toc)
(/usr/local/texlive/2015/texmf-dist/tex/latex/base/utf8.def) [1{/usr/local/texl
ive/2015/texmf-var/fonts/map/pdftex/updmap/pdftex.map}]
(/usr/local/texlive/2015/texmf-dist/tex/latex/base/utf8.def) [2]
Overfull \hbox (4.38098pt too wide) in paragraph at lines 105--105
 []\T1/zi4/m/n/9 # How many degrees does the temperature increase with an incre
ase in 4 kPa given 0.8 Celcius[] 

Overfull \hbox (17.88098pt too wide) in paragraph at lines 110--110
 []\T1/zi4/m/n/9 conv_dim(x = c(60, 80), x_unit = "ft3", trans_unit = "kg_per_l
", y = c(6e6, 4e6), y_unit = "g")[] 
(/usr/local/texlive/2015/texmf-dist/tex/latex/base/utf8.def)
Overfull \hbox (25.09752pt too wide) in paragraph at lines 140--141
[]\T1/ptm/m/n/10 mm_per_sec2, cm_per_sec2, m_per_sec2, km_per_sec2, grav, inch_
per_sec2, ft_per_sec2,
[3]
Overfull \hbox (13.51762pt too wide) in paragraph at lines 146--147
[]\T1/ptm/m/n/10 ml_per_sec, ml_per_min, ml_per_hr, l_per_sec, l_per_min, l_per
_hr, m3_per_sec, m3_per_min,

Overfull \hbox (0.3887pt too wide) in paragraph at lines 149--150
[]\T1/ptm/m/n/10 uW, mW, W, kW, MW, GW, erg_per_sec, cal_per_sec, cal_per_hr, C
al_per_sec, Cal_per_hr,
[4] (/usr/local/texlive/2015/texmf-dist/tex/latex/base/utf8.def) [5]
(/usr/local/texlive/2015/texmf-dist/tex/latex/base/utf8.def)
(/usr/local/texlive/2015/texmf-dist/tex/latex/base/utf8.def) [6]
(/usr/local/texlive/2015/texmf-dist/tex/latex/base/utf8.def) [7]
(/usr/local/texlive/2015/texmf-dist/tex/latex/base/utf8.def)
Overfull \hbox (10.68097pt too wide) in paragraph at lines 404--404
 []\T1/zi4/m/n/9 summ_stat(mean = rnorm(1e4), n = rep(1, 1e4)) # Find pooled me
an when variability is unknown.[] 
(/usr/local/texlive/2015/texmf-dist/tex/latex/base/utf8.def) [8] (./Rd2.ind
[9]

LaTeX Font Warning: Font shape `T1/zi4/m/it' undefined
(Font)              using `T1/zi4/m/n' instead on input line 9.

[10]) (./Rd2.aux)

LaTeX Font Warning: Some font shapes were not available, defaults substituted.

 )
(see the transcript file for additional information)pdfTeX warning (dest): name
{Rfn.which.max} has been referenced but does not exist, replaced by a fixed one


pdfTeX warning (dest): name{Rfn.which.min} has been referenced but does not exi
st, replaced by a fixed one

pdfTeX warning (dest): name{Rfn.weighted.mean} has been referenced but does not
 exist, replaced by a fixed one

pdfTeX warning (dest): name{Rfn.var} has been referenced but does not exist, re
placed by a fixed one

pdfTeX warning (dest): name{Rfn.sd} has been referenced but does not exist, rep
laced by a fixed one

pdfTeX warning (dest): name{Rfn.extendrange} has been referenced but does not e
xist, replaced by a fixed one

pdfTeX warning (dest): name{Rfn.seq} has been referenced but does not exist, re
placed by a fixed one

pdfTeX warning (dest): name{Rfn.mean} has been referenced but does not exist, r
eplaced by a fixed one

{/usr/local/texlive/2015/texmf-dist/fonts/enc/dvips/base/8r.enc}{/usr/local/tex
live/2015/texmf-dist/fonts/enc/dvips/inconsolata/i4-t1-0.enc}</usr/local/texliv
e/2015/texmf-dist/fonts/type1/public/inconsolata/Inconsolata-zi4r.pfb></usr/loc
al/texlive/2015/texmf-dist/fonts/type1/public/amsfonts/cm/cmsy10.pfb></usr/loca
l/texlive/2015/texmf-dist/fonts/type1/urw/helvetic/uhvr8a.pfb></usr/local/texli
ve/2015/texmf-dist/fonts/type1/urw/times/utmb8a.pfb></usr/local/texlive/2015/te
xmf-dist/fonts/type1/urw/times/utmr8a.pfb></usr/local/texlive/2015/texmf-dist/f
onts/type1/urw/times/utmr8a.pfb></usr/local/texlive/2015/texmf-dist/fonts/type1
/urw/times/utmri8a.pfb>
Output written on Rd2.pdf (10 pages, 97545 bytes).
Transcript written on Rd2.log.
Saving output to 'birk-manual.pdf' ...
Done
You may want to clean up by 'rm -rf /var/folders/d4/wy847l6s0dq03zy0fvq_cj6w0000gn/T//Rtmpy2YG62/Rd2pdf618159af7f9d'
